<?xml version="1.0" encoding="UTF-8"?>
<!-- Generated by org.testng.reporters.JUnitReportReporter -->
<testsuite hostname="DESKTOP-6BENFDP" failures="0" tests="1" name="rest_assured.concepts.BasicMethods" time="5.108" errors="0" timestamp="2023-01-22T08:53:00 IST" skipped="0">
  <testcase classname="rest_assured.concepts.BasicMethods" name="getMethod" time="5.108"/>
  <system-out/>
</testsuite> <!-- rest_assured.concepts.BasicMethods -->
